<?xml version="1.0" encoding="UTF-8"?>
<!-- Generated by org.testng.reporters.JUnitReportReporter -->
<testsuite hostname="IITL0005" failures="0" tests="1" name="test_suites.TS_UI_PMTOOL_04.TC_UI_PMTOOL_04_005" time="20.381" errors="0" timestamp="2021-10-22T12:24:19 EEST" skipped="0">
  <testcase classname="test_suites.TS_UI_PMTOOL_04.TC_UI_PMTOOL_04_005" name="TC_UI_PMTOOL_04_005_Add_Task_Validation_Messages" time="20.381"/>
  <system-out>
1. Open Web Application. PMTool home page opens 2. Navigate to Login page and fill the form 3. Verify that the login has been completed 4. Create new project 5. Verify that the project has been created 6. Create new task. Fill the form without the mandatory fields and submit  7. Verify that a validation message is displayed 6. Enter only mandatory fields and submit 7. Verify that a validation message is displayed  </system-out>
</testsuite> <!-- test_suites.TS_UI_PMTOOL_04.TC_UI_PMTOOL_04_005 -->
