<?xml version="1.0" encoding="UTF-8"?>
<!-- Generated by org.testng.reporters.JUnitReportReporter -->
<testsuite hostname="IITL0005" failures="0" tests="1" name="test_suites.TS_UI_PMTOOL_04.TC_UI_PMTOOL_04_001" time="18.380" errors="0" timestamp="2021-10-22T12:24:19 EEST" skipped="0">
  <testcase classname="test_suites.TS_UI_PMTOOL_04.TC_UI_PMTOOL_04_001" name="TC_UI_PMTOOL_04_001_Add_Task" time="18.380"/>
  <system-out>
1. Open Web Application. PMTool home page opens 2. Navigate to Login page and fill the form 3. Verify that the login has been completed 4. Create new project 5. Verify that the project has been created 6. Create new task 7. Verify that the task has been created  </system-out>
</testsuite> <!-- test_suites.TS_UI_PMTOOL_04.TC_UI_PMTOOL_04_001 -->
